[2017-07-11 22:19:57] MicroCMS.INFO: Matched route "{route}". {"route":"api_articles","route_parameters":{"_controller":"[object] (Closure: {})","_route":"api_articles"},"request_uri":"http://microcms/api/articles","method":"GET"} []
[2017-07-11 22:24:30] MicroCMS.INFO: Matched route "{route}". {"route":"api_articles","route_parameters":{"_controller":"[object] (Closure: {})","_route":"api_articles"},"request_uri":"http://microcms/api/articles","method":"GET"} []
[2017-07-11 22:24:30] MicroCMS.INFO: Populated the TokenStorage with an anonymous Token. [] []
[2017-07-11 22:32:35] MicroCMS.ERROR: Symfony\Component\HttpKernel\Exception\MethodNotAllowedHttpException: No route found for "POST /api/articles": Method Not Allowed (Allow: GET) (uncaught exception) at C:\xampp\htdocs\microcms\vendor\symfony\http-kernel\EventListener\RouterListener.php line 129 {"exception":"[object] (Symfony\\Component\\HttpKernel\\Exception\\MethodNotAllowedHttpException(code: 0): No route found for \"POST /api/articles\": Method Not Allowed (Allow: GET) at C:\\xampp\\htdocs\\microcms\\vendor\\symfony\\http-kernel\\EventListener\\RouterListener.php:129, Symfony\\Component\\Routing\\Exception\\MethodNotAllowedException(code: 0):  at C:\\xampp\\htdocs\\microcms\\vendor\\symfony\\routing\\Matcher\\UrlMatcher.php:97)"} []
[2017-07-11 22:33:44] MicroCMS.INFO: Matched route "{route}". {"route":"api_article_add","route_parameters":{"_controller":"[object] (Closure: {})","_route":"api_article_add"},"request_uri":"http://microcms/api/article","method":"POST"} []
[2017-07-11 22:33:44] MicroCMS.INFO: Populated the TokenStorage with an anonymous Token. [] []
[2017-07-11 22:33:55] MicroCMS.INFO: Matched route "{route}". {"route":"api_article_add","route_parameters":{"_controller":"[object] (Closure: {})","_route":"api_article_add"},"request_uri":"http://microcms/api/article","method":"POST"} []
[2017-07-11 22:33:55] MicroCMS.INFO: Populated the TokenStorage with an anonymous Token. [] []
[2017-07-11 22:34:06] MicroCMS.INFO: Matched route "{route}". {"route":"home","route_parameters":{"_controller":"[object] (Closure: {})","_route":"home"},"request_uri":"http://microcms/","method":"GET"} []
[2017-07-11 22:35:22] MicroCMS.INFO: Matched route "{route}". {"route":"api_article_delete","route_parameters":{"_controller":"[object] (Closure: {})","id":"4","_route":"api_article_delete"},"request_uri":"http://microcms/api/article/4","method":"DELETE"} []
[2017-07-11 22:35:22] MicroCMS.INFO: Populated the TokenStorage with an anonymous Token. [] []
[2017-07-11 22:35:52] MicroCMS.INFO: Matched route "{route}". {"route":"home","route_parameters":{"_controller":"[object] (Closure: {})","_route":"home"},"request_uri":"http://microcms/","method":"GET"} []
[2017-07-11 22:37:02] MicroCMS.INFO: Matched route "{route}". {"route":"home","route_parameters":{"_controller":"[object] (Closure: {})","_route":"home"},"request_uri":"http://localhost/","method":"GET"} []
[2017-07-11 22:37:02] MicroCMS.INFO: Populated the TokenStorage with an anonymous Token. [] []
[2017-07-11 22:37:02] MicroCMS.INFO: Matched route "{route}". {"route":"article","route_parameters":{"_controller":"[object] (Closure: {})","id":"1","_route":"article"},"request_uri":"http://localhost/article/1","method":"GET"} []
[2017-07-11 22:37:02] MicroCMS.INFO: Populated the TokenStorage with an anonymous Token. [] []
[2017-07-11 22:37:02] MicroCMS.INFO: Matched route "{route}". {"route":"login","route_parameters":{"_controller":"[object] (Closure: {})","_route":"login"},"request_uri":"http://localhost/login","method":"GET"} []
[2017-07-11 22:37:02] MicroCMS.INFO: Populated the TokenStorage with an anonymous Token. [] []
[2017-07-11 22:37:02] MicroCMS.INFO: Matched route "{route}". {"route":"admin","route_parameters":{"_controller":"[object] (Closure: {})","_route":"admin"},"request_uri":"http://localhost/admin","method":"GET"} []
[2017-07-11 22:37:02] MicroCMS.INFO: Populated the TokenStorage with an anonymous Token. [] []
[2017-07-11 22:37:02] MicroCMS.INFO: Matched route "{route}". {"route":"admin_article_add","route_parameters":{"_controller":"[object] (Closure: {})","_route":"admin_article_add"},"request_uri":"http://localhost/admin/article/add","method":"GET"} []
[2017-07-11 22:37:02] MicroCMS.INFO: Populated the TokenStorage with an anonymous Token. [] []
[2017-07-11 22:37:02] MicroCMS.INFO: Matched route "{route}". {"route":"admin_article_edit","route_parameters":{"_controller":"[object] (Closure: {})","id":"1","_route":"admin_article_edit"},"request_uri":"http://localhost/admin/article/1/edit","method":"GET"} []
[2017-07-11 22:37:02] MicroCMS.INFO: Populated the TokenStorage with an anonymous Token. [] []
[2017-07-11 22:37:02] MicroCMS.INFO: Matched route "{route}". {"route":"admin_comment_edit","route_parameters":{"_controller":"[object] (Closure: {})","id":"1","_route":"admin_comment_edit"},"request_uri":"http://localhost/admin/comment/1/edit","method":"GET"} []
[2017-07-11 22:37:02] MicroCMS.INFO: Populated the TokenStorage with an anonymous Token. [] []
[2017-07-11 22:37:02] MicroCMS.INFO: Matched route "{route}". {"route":"admin_user_add","route_parameters":{"_controller":"[object] (Closure: {})","_route":"admin_user_add"},"request_uri":"http://localhost/admin/user/add","method":"GET"} []
[2017-07-11 22:37:02] MicroCMS.INFO: Populated the TokenStorage with an anonymous Token. [] []
[2017-07-11 22:37:02] MicroCMS.INFO: Matched route "{route}". {"route":"admin_user_edit","route_parameters":{"_controller":"[object] (Closure: {})","id":"1","_route":"admin_user_edit"},"request_uri":"http://localhost/admin/user/1/edit","method":"GET"} []
[2017-07-11 22:37:02] MicroCMS.INFO: Populated the TokenStorage with an anonymous Token. [] []
[2017-07-11 22:37:02] MicroCMS.INFO: Matched route "{route}". {"route":"api_articles","route_parameters":{"_controller":"[object] (Closure: {})","_route":"api_articles"},"request_uri":"http://localhost/api/articles","method":"GET"} []
[2017-07-11 22:37:02] MicroCMS.INFO: Populated the TokenStorage with an anonymous Token. [] []
[2017-07-11 22:37:02] MicroCMS.INFO: Matched route "{route}". {"route":"api_article","route_parameters":{"_controller":"[object] (Closure: {})","id":"1","_route":"api_article"},"request_uri":"http://localhost/api/article/1","method":"GET"} []
[2017-07-11 22:37:02] MicroCMS.INFO: Populated the TokenStorage with an anonymous Token. [] []
[2017-07-11 22:43:24] MicroCMS.INFO: Matched route "{route}". {"route":"home","route_parameters":{"_controller":"MicroCMS\\Controller\\HomeController::indexAction","_route":"home"},"request_uri":"http://localhost/","method":"GET"} []
[2017-07-11 22:43:24] MicroCMS.INFO: Populated the TokenStorage with an anonymous Token. [] []
[2017-07-11 22:43:24] MicroCMS.INFO: Matched route "{route}". {"route":"article","route_parameters":{"_controller":"MicroCMS\\Controller\\HomeController::articleAction","id":"1","_route":"article"},"request_uri":"http://localhost/article/1","method":"GET"} []
[2017-07-11 22:43:24] MicroCMS.INFO: Populated the TokenStorage with an anonymous Token. [] []
[2017-07-11 22:43:24] MicroCMS.INFO: Matched route "{route}". {"route":"login","route_parameters":{"_controller":"MicroCMS\\Controller\\HomeController::loginAction","_route":"login"},"request_uri":"http://localhost/login","method":"GET"} []
[2017-07-11 22:43:24] MicroCMS.INFO: Populated the TokenStorage with an anonymous Token. [] []
[2017-07-11 22:43:24] MicroCMS.INFO: Matched route "{route}". {"route":"admin","route_parameters":{"_controller":"MicroCMS\\Controller\\AdminController::indexAction","_route":"admin"},"request_uri":"http://localhost/admin","method":"GET"} []
[2017-07-11 22:43:24] MicroCMS.INFO: Populated the TokenStorage with an anonymous Token. [] []
[2017-07-11 22:43:24] MicroCMS.INFO: Matched route "{route}". {"route":"admin_article_add","route_parameters":{"_controller":"MicroCMS\\Controller\\AdminController::addArticleAction","_route":"admin_article_add"},"request_uri":"http://localhost/admin/article/add","method":"GET"} []
[2017-07-11 22:43:24] MicroCMS.INFO: Populated the TokenStorage with an anonymous Token. [] []
[2017-07-11 22:43:24] MicroCMS.INFO: Matched route "{route}". {"route":"admin_article_edit","route_parameters":{"_controller":"MicroCMS\\Controller\\AdminController::editArticleAction","id":"1","_route":"admin_article_edit"},"request_uri":"http://localhost/admin/article/1/edit","method":"GET"} []
[2017-07-11 22:43:24] MicroCMS.INFO: Populated the TokenStorage with an anonymous Token. [] []
[2017-07-11 22:43:24] MicroCMS.INFO: Matched route "{route}". {"route":"admin_comment_edit","route_parameters":{"_controller":"MicroCMS\\Controller\\AdminController::editCommentAction","id":"1","_route":"admin_comment_edit"},"request_uri":"http://localhost/admin/comment/1/edit","method":"GET"} []
[2017-07-11 22:43:24] MicroCMS.INFO: Populated the TokenStorage with an anonymous Token. [] []
[2017-07-11 22:43:24] MicroCMS.INFO: Matched route "{route}". {"route":"admin_user_add","route_parameters":{"_controller":"MicroCMS\\Controller\\AdminController::addUserAction","_route":"admin_user_add"},"request_uri":"http://localhost/admin/user/add","method":"GET"} []
[2017-07-11 22:43:24] MicroCMS.INFO: Populated the TokenStorage with an anonymous Token. [] []
[2017-07-11 22:43:24] MicroCMS.INFO: Matched route "{route}". {"route":"admin_user_edit","route_parameters":{"_controller":"MicroCMS\\Controller\\AdminController::editUserAction","id":"1","_route":"admin_user_edit"},"request_uri":"http://localhost/admin/user/1/edit","method":"GET"} []
[2017-07-11 22:43:24] MicroCMS.INFO: Populated the TokenStorage with an anonymous Token. [] []
[2017-07-11 22:43:24] MicroCMS.INFO: Matched route "{route}". {"route":"api_articles","route_parameters":{"_controller":"MicroCMS\\Controller\\ApiController::getArticlesAction","_route":"api_articles"},"request_uri":"http://localhost/api/articles","method":"GET"} []
[2017-07-11 22:43:24] MicroCMS.INFO: Populated the TokenStorage with an anonymous Token. [] []
[2017-07-11 22:43:24] MicroCMS.INFO: Matched route "{route}". {"route":"api_article","route_parameters":{"_controller":"MicroCMS\\Controller\\ApiController::getArticleAction","id":"1","_route":"api_article"},"request_uri":"http://localhost/api/article/1","method":"GET"} []
[2017-07-11 22:43:24] MicroCMS.INFO: Populated the TokenStorage with an anonymous Token. [] []
[2017-07-11 22:45:53] MicroCMS.INFO: Matched route "{route}". {"route":"home","route_parameters":{"_controller":"MicroCMS\\Controller\\HomeController::indexAction","_route":"home"},"request_uri":"http://localhost/","method":"GET"} []
[2017-07-11 22:45:53] MicroCMS.INFO: Populated the TokenStorage with an anonymous Token. [] []
[2017-07-11 22:45:53] MicroCMS.INFO: Matched route "{route}". {"route":"article","route_parameters":{"_controller":"MicroCMS\\Controller\\HomeController::articleAction","id":"1","_route":"article"},"request_uri":"http://localhost/article/1","method":"GET"} []
[2017-07-11 22:45:53] MicroCMS.INFO: Populated the TokenStorage with an anonymous Token. [] []
[2017-07-11 22:45:53] MicroCMS.INFO: Matched route "{route}". {"route":"login","route_parameters":{"_controller":"MicroCMS\\Controller\\HomeController::loginAction","_route":"login"},"request_uri":"http://localhost/login","method":"GET"} []
[2017-07-11 22:45:53] MicroCMS.INFO: Populated the TokenStorage with an anonymous Token. [] []
[2017-07-11 22:45:53] MicroCMS.INFO: Matched route "{route}". {"route":"admin","route_parameters":{"_controller":"MicroCMS\\Controller\\AdminController::indexAction","_route":"admin"},"request_uri":"http://localhost/admin","method":"GET"} []
[2017-07-11 22:45:53] MicroCMS.INFO: Populated the TokenStorage with an anonymous Token. [] []
[2017-07-11 22:45:53] MicroCMS.INFO: Matched route "{route}". {"route":"admin_article_add","route_parameters":{"_controller":"MicroCMS\\Controller\\AdminController::addArticleAction","_route":"admin_article_add"},"request_uri":"http://localhost/admin/article/add","method":"GET"} []
[2017-07-11 22:45:53] MicroCMS.INFO: Populated the TokenStorage with an anonymous Token. [] []
[2017-07-11 22:45:53] MicroCMS.INFO: Matched route "{route}". {"route":"admin_article_edit","route_parameters":{"_controller":"MicroCMS\\Controller\\AdminController::editArticleAction","id":"1","_route":"admin_article_edit"},"request_uri":"http://localhost/admin/article/1/edit","method":"GET"} []
[2017-07-11 22:45:53] MicroCMS.INFO: Populated the TokenStorage with an anonymous Token. [] []
[2017-07-11 22:45:53] MicroCMS.INFO: Matched route "{route}". {"route":"admin_comment_edit","route_parameters":{"_controller":"MicroCMS\\Controller\\AdminController::editCommentAction","id":"1","_route":"admin_comment_edit"},"request_uri":"http://localhost/admin/comment/1/edit","method":"GET"} []
[2017-07-11 22:45:53] MicroCMS.INFO: Populated the TokenStorage with an anonymous Token. [] []
[2017-07-11 22:45:53] MicroCMS.INFO: Matched route "{route}". {"route":"admin_user_add","route_parameters":{"_controller":"MicroCMS\\Controller\\AdminController::addUserAction","_route":"admin_user_add"},"request_uri":"http://localhost/admin/user/add","method":"GET"} []
[2017-07-11 22:45:53] MicroCMS.INFO: Populated the TokenStorage with an anonymous Token. [] []
[2017-07-11 22:45:53] MicroCMS.INFO: Matched route "{route}". {"route":"admin_user_edit","route_parameters":{"_controller":"MicroCMS\\Controller\\AdminController::editUserAction","id":"1","_route":"admin_user_edit"},"request_uri":"http://localhost/admin/user/1/edit","method":"GET"} []
[2017-07-11 22:45:53] MicroCMS.INFO: Populated the TokenStorage with an anonymous Token. [] []
[2017-07-11 22:45:53] MicroCMS.INFO: Matched route "{route}". {"route":"api_articles","route_parameters":{"_controller":"MicroCMS\\Controller\\ApiController::getArticlesAction","_route":"api_articles"},"request_uri":"http://localhost/api/articles","method":"GET"} []
[2017-07-11 22:45:53] MicroCMS.INFO: Populated the TokenStorage with an anonymous Token. [] []
[2017-07-11 22:45:53] MicroCMS.INFO: Matched route "{route}". {"route":"api_article","route_parameters":{"_controller":"MicroCMS\\Controller\\ApiController::getArticleAction","id":"1","_route":"api_article"},"request_uri":"http://localhost/api/article/1","method":"GET"} []
[2017-07-11 22:45:53] MicroCMS.INFO: Populated the TokenStorage with an anonymous Token. [] []
[2017-07-11 22:45:59] MicroCMS.INFO: Matched route "{route}". {"route":"admin","route_parameters":{"_controller":"MicroCMS\\Controller\\AdminController::indexAction","_route":"admin"},"request_uri":"http://microcms/admin","method":"GET"} []
[2017-07-11 22:46:02] MicroCMS.INFO: Matched route "{route}". {"route":"admin_article_add","route_parameters":{"_controller":"MicroCMS\\Controller\\AdminController::addArticleAction","_route":"admin_article_add"},"request_uri":"http://microcms/admin/article/add","method":"GET"} []
[2017-07-11 22:46:10] MicroCMS.INFO: Matched route "{route}". {"route":"admin_article_add","route_parameters":{"_controller":"MicroCMS\\Controller\\AdminController::addArticleAction","_route":"admin_article_add"},"request_uri":"http://microcms/admin/article/add","method":"POST"} []
[2017-07-11 22:46:29] MicroCMS.INFO: Matched route "{route}". {"route":"admin_article_add","route_parameters":{"_controller":"MicroCMS\\Controller\\AdminController::addArticleAction","_route":"admin_article_add"},"request_uri":"http://microcms/admin/article/add","method":"POST"} []
[2017-07-11 22:46:39] MicroCMS.INFO: Matched route "{route}". {"route":"home","route_parameters":{"_controller":"MicroCMS\\Controller\\HomeController::indexAction","_route":"home"},"request_uri":"http://microcms/","method":"GET"} []
